<?xml version="1.0" encoding="UTF-8"?>
<!-- Generated by org.testng.reporters.JUnitXMLReporter -->
<testsuite ignored="0" hostname="DESKTOP-TH331TO" failures="1" tests="5" name="Test" time="86.778" errors="0" timestamp="2023-04-20T13:07:41 PDT">
  <testcase classname="com.saucedeme.testscripts.Scenario1Test" name="buyProducts" time="7.016"/>
  <testcase classname="com.saucedeme.testscripts.Scenario2Test" name="VerifyUserName" time="0.767"/>
  <testcase classname="com.saucedeme.testscripts.Scenario3Test" name="AddItemToCart" time="1.251"/>
  <testcase classname="com.saucedeme.testscripts.Scenario4Test" name="SortPrice" time="1.333"/>
  <testcase classname="com.saucedeme.testscripts.Scenario5Test" name="SuccessMsg" time="2.199">
    <failure type="org.openqa.selenium.ElementClickInterceptedException" message="element click intercepted: Element &amp;lt;button class=&amp;quot;btn btn_primary btn_small btn_inventory&amp;quot; data-test=&amp;quot;add-to-cart-sauce-labs-fleece-jacket&amp;quot; id=&amp;quot;add-to-cart-sauce-labs-fleece-jacket&amp;quot; name=&amp;quot;add-to-cart-sauce-labs-fleece-jacket&amp;quot;&amp;gt;...&amp;lt;/button&amp;gt; is not clickable at point (1089, 530). Other element would receive the click: &amp;lt;footer class=&amp;quot;footer&amp;quot;&amp;gt;...&amp;lt;/footer&amp;gt;
  (Session info: chrome=112.0.5615.138)
Build info: version: &amp;apos;4.8.3&amp;apos;, revision: &amp;apos;b19b418e60&amp;apos;
System info: os.name: &amp;apos;Windows 11&amp;apos;, os.arch: &amp;apos;amd64&amp;apos;, os.version: &amp;apos;10.0&amp;apos;, java.version: &amp;apos;19.0.1&amp;apos;
Driver info: org.openqa.selenium.chrome.ChromeDriver
Command: [48507c3eaa4959ba9d55872ed9f2ee9a, clickElement {id=87b069aa-3dcb-416d-9530-7e8ffe62ecb5}]
Capabilities {acceptInsecureCerts: false, browserName: chrome, browserVersion: 112.0.5615.138, chrome: {chromedriverVersion: 112.0.5615.49 (bd2a7bcb881c..., userDataDir: C:\Users\arifm\AppData\Loca...}, goog:chromeOptions: {debuggerAddress: localhost:52010}, networkConnectionEnabled: false, pageLoadStrategy: normal, platformName: WINDOWS, proxy: Proxy(), se:cdp: ws://localhost:52010/devtoo..., se:cdpVersion: 112.0.5615.138, setWindowRect: true, strictFileInteractability: false, timeouts: {implicit: 0, pageLoad: 300000, script: 30000}, unhandledPromptBehavior: dismiss and notify, webauthn:extension:credBlob: true, webauthn:extension:largeBlob: true, webauthn:extension:minPinLength: true, webauthn:extension:prf: true, webauthn:virtualAuthenticators: true}
Element: [[ChromeDriver: chrome on WINDOWS (48507c3eaa4959ba9d55872ed9f2ee9a)] -&amp;gt; id: add-to-cart-sauce-labs-fleece-jacket]
Session ID: 48507c3eaa4959ba9d55872ed9f2ee9a">
      <![CDATA[org.openqa.selenium.ElementClickInterceptedException: element click intercepted: Element <button class="btn btn_primary btn_small btn_inventory" data-test="add-to-cart-sauce-labs-fleece-jacket" id="add-to-cart-sauce-labs-fleece-jacket" name="add-to-cart-sauce-labs-fleece-jacket">...</button> is not clickable at point (1089, 530). Other element would receive the click: <footer class="footer">...</footer>
  (Session info: chrome=112.0.5615.138)
Build info: version: '4.8.3', revision: 'b19b418e60'
System info: os.name: 'Windows 11', os.arch: 'amd64', os.version: '10.0', java.version: '19.0.1'
Driver info: org.openqa.selenium.chrome.ChromeDriver
Command: [48507c3eaa4959ba9d55872ed9f2ee9a, clickElement {id=87b069aa-3dcb-416d-9530-7e8ffe62ecb5}]
Capabilities {acceptInsecureCerts: false, browserName: chrome, browserVersion: 112.0.5615.138, chrome: {chromedriverVersion: 112.0.5615.49 (bd2a7bcb881c..., userDataDir: C:\Users\arifm\AppData\Loca...}, goog:chromeOptions: {debuggerAddress: localhost:52010}, networkConnectionEnabled: false, pageLoadStrategy: normal, platformName: WINDOWS, proxy: Proxy(), se:cdp: ws://localhost:52010/devtoo..., se:cdpVersion: 112.0.5615.138, setWindowRect: true, strictFileInteractability: false, timeouts: {implicit: 0, pageLoad: 300000, script: 30000}, unhandledPromptBehavior: dismiss and notify, webauthn:extension:credBlob: true, webauthn:extension:largeBlob: true, webauthn:extension:minPinLength: true, webauthn:extension:prf: true, webauthn:virtualAuthenticators: true}
Element: [[ChromeDriver: chrome on WINDOWS (48507c3eaa4959ba9d55872ed9f2ee9a)] -> id: add-to-cart-sauce-labs-fleece-jacket]
Session ID: 48507c3eaa4959ba9d55872ed9f2ee9a
at org.openqa.selenium.remote.codec.w3c.W3CHttpResponseCodec.createException(W3CHttpResponseCodec.java:200)
at org.openqa.selenium.remote.codec.w3c.W3CHttpResponseCodec.decode(W3CHttpResponseCodec.java:133)
at org.openqa.selenium.remote.codec.w3c.W3CHttpResponseCodec.decode(W3CHttpResponseCodec.java:53)
at org.openqa.selenium.remote.HttpCommandExecutor.execute(HttpCommandExecutor.java:193)
at org.openqa.selenium.remote.service.DriverCommandExecutor.invokeExecute(DriverCommandExecutor.java:183)
at org.openqa.selenium.remote.service.DriverCommandExecutor.execute(DriverCommandExecutor.java:158)
at org.openqa.selenium.remote.RemoteWebDriver.execute(RemoteWebDriver.java:543)
at org.openqa.selenium.remote.RemoteWebElement.execute(RemoteWebElement.java:257)
at org.openqa.selenium.remote.RemoteWebElement.click(RemoteWebElement.java:78)
at org.openqa.selenium.support.pagefactory.internal.LocatingElementHandler.invoke(LocatingElementHandler.java:52)
at jdk.proxy2/jdk.proxy2.$Proxy19.click(Unknown Source)
at com.saucedemo.pages.AddToCart.clickExpensiveItem(AddToCart.java:85)
at com.saucedeme.testscripts.Scenario5Test.SuccessMsg(Scenario5Test.java:45)
at java.base/java.util.ArrayList.forEach(ArrayList.java:1511)
... Removed 30 stack frames]]>
    </failure>
  </testcase> <!-- SuccessMsg -->
</testsuite> <!-- Test -->
